2025-03-31 22:20:23,620 - lprnet - INFO - Config: {'DATASET': {'ROOT': 'F://CBLPRD-330k_v1//CBLPRD-330k', 'TRAIN_FILE': './data/train.txt', 'VAL_FILE': './data/val.txt', 'PLATE_TYPES': ['黑色车牌', '单层黄牌', '双层黄牌', '普通蓝牌', '拖拉机绿牌', '新能源大型车', '新能源小型车']}, 'CHARS': {'PROVINCES': ['京', '沪', '津', '渝', '冀', '晋', '蒙', '辽', '吉', '黑', '苏', '浙', '皖', '闽', '赣', '鲁', '豫', '鄂', '湘', '粤', '桂', '琼', '川', '贵', '云', '藏', '陕', '甘', '青', '宁', '新', '港', '澳', '挂', '学', '领', '使', '临'], 'ALPHABETS': ['A', 'B', 'C', 'D', 'E', 'F', 'G', 'H', 'J', 'K', 'L', 'M', 'N', 'P', 'Q', 'R', 'S', 'T', 'U', 'V', 'W', 'X', 'Y', 'Z', 'I', 'O'], 'DIGITS': ['0', '1', '2', '3', '4', '5', '6', '7', '8', '9'], 'SEPARATOR': ['・'], 'SPECIAL': ['挂', '学', '领', '使', '临']}, 'MODEL': {'INPUT_SIZE': [94, 24], 'CLASS_NUM': 85, 'MAX_LABEL_LENGTH': 8}, 'TRAIN': {'BATCH_SIZE': 128, 'EPOCHS': 55, 'LEARNING_RATE': 0.001, 'WEIGHT_DECAY': 0.0005, 'LR_SCHEDULER': 'cosine', 'LR_STEP_SIZE': 30, 'LR_PLATEAU_PATIENCE': 10, 'LR_PLATEAU_FACTOR': 0.1, 'EARLY_STOPPING_PATIENCE': 25, 'SAVE_INTERVAL': 5, 'PRINT_INTERVAL': 100, 'WORKERS': 4}, 'AUGMENTATION': {'ENABLE': True, 'ROTATION_RANGE': 5, 'BRIGHTNESS_RANGE': [0.5, 1.5], 'CONTRAST_RANGE': [0.5, 1.5], 'GAUSSIAN_NOISE': 0.02, 'BLUR_PROBABILITY': 0.3, 'BLUR_SIZE': 3}, 'TEST': {'BATCH_SIZE': 64, 'WEIGHTS': 'weights/lprnet_best.pth'}, 'OUTPUT': {'DIR': 'output', 'WEIGHTS_DIR': 'weights', 'LOGS_DIR': 'logs'}, 'EXPORT': {'INPUT_SIZE': [94, 24], 'SIMPLIFIED': True}}
2025-03-31 22:20:23,622 - lprnet - INFO - Using device: cuda
2025-03-31 22:20:23,622 - lprnet - INFO - Setting up data loaders...
2025-03-31 22:20:24,006 - lprnet - INFO - Num training samples: 325005
2025-03-31 22:20:24,006 - lprnet - INFO - Num validation samples: 17105
2025-03-31 22:20:24,006 - lprnet - INFO - Building model...
2025-03-31 22:20:24,100 - lprnet - INFO - Model parameters: 408991
2025-03-31 22:20:24,104 - lprnet - INFO - Starting training...
2025-03-31 22:21:31,639 - lprnet - INFO - Config: {'DATASET': {'ROOT': 'F://CBLPRD-330k_v1', 'TRAIN_FILE': './data/train.txt', 'VAL_FILE': './data/val.txt', 'PLATE_TYPES': ['黑色车牌', '单层黄牌', '双层黄牌', '普通蓝牌', '拖拉机绿牌', '新能源大型车', '新能源小型车']}, 'CHARS': {'PROVINCES': ['京', '沪', '津', '渝', '冀', '晋', '蒙', '辽', '吉', '黑', '苏', '浙', '皖', '闽', '赣', '鲁', '豫', '鄂', '湘', '粤', '桂', '琼', '川', '贵', '云', '藏', '陕', '甘', '青', '宁', '新', '港', '澳', '挂', '学', '领', '使', '临'], 'ALPHABETS': ['A', 'B', 'C', 'D', 'E', 'F', 'G', 'H', 'J', 'K', 'L', 'M', 'N', 'P', 'Q', 'R', 'S', 'T', 'U', 'V', 'W', 'X', 'Y', 'Z', 'I', 'O'], 'DIGITS': ['0', '1', '2', '3', '4', '5', '6', '7', '8', '9'], 'SEPARATOR': ['・'], 'SPECIAL': ['挂', '学', '领', '使', '临']}, 'MODEL': {'INPUT_SIZE': [94, 24], 'CLASS_NUM': 85, 'MAX_LABEL_LENGTH': 8}, 'TRAIN': {'BATCH_SIZE': 128, 'EPOCHS': 55, 'LEARNING_RATE': 0.001, 'WEIGHT_DECAY': 0.0005, 'LR_SCHEDULER': 'cosine', 'LR_STEP_SIZE': 30, 'LR_PLATEAU_PATIENCE': 10, 'LR_PLATEAU_FACTOR': 0.1, 'EARLY_STOPPING_PATIENCE': 25, 'SAVE_INTERVAL': 5, 'PRINT_INTERVAL': 100, 'WORKERS': 4}, 'AUGMENTATION': {'ENABLE': True, 'ROTATION_RANGE': 5, 'BRIGHTNESS_RANGE': [0.5, 1.5], 'CONTRAST_RANGE': [0.5, 1.5], 'GAUSSIAN_NOISE': 0.02, 'BLUR_PROBABILITY': 0.3, 'BLUR_SIZE': 3}, 'TEST': {'BATCH_SIZE': 64, 'WEIGHTS': 'weights/lprnet_best.pth'}, 'OUTPUT': {'DIR': 'output', 'WEIGHTS_DIR': 'weights', 'LOGS_DIR': 'logs'}, 'EXPORT': {'INPUT_SIZE': [94, 24], 'SIMPLIFIED': True}}
2025-03-31 22:21:31,640 - lprnet - INFO - Using device: cuda
2025-03-31 22:21:31,640 - lprnet - INFO - Setting up data loaders...
2025-03-31 22:21:32,029 - lprnet - INFO - Num training samples: 325005
2025-03-31 22:21:32,029 - lprnet - INFO - Num validation samples: 17105
2025-03-31 22:21:32,029 - lprnet - INFO - Building model...
2025-03-31 22:21:32,124 - lprnet - INFO - Model parameters: 408991
2025-03-31 22:21:32,126 - lprnet - INFO - Starting training...
2025-03-31 22:24:10,882 - lprnet - INFO - Config: {'DATASET': {'ROOT': 'F://CBLPRD-330k_v1//', 'TRAIN_FILE': './data/train.txt', 'VAL_FILE': './data/val.txt', 'PLATE_TYPES': ['黑色车牌', '单层黄牌', '双层黄牌', '普通蓝牌', '拖拉机绿牌', '新能源大型车', '新能源小型车']}, 'CHARS': {'PROVINCES': ['京', '沪', '津', '渝', '冀', '晋', '蒙', '辽', '吉', '黑', '苏', '浙', '皖', '闽', '赣', '鲁', '豫', '鄂', '湘', '粤', '桂', '琼', '川', '贵', '云', '藏', '陕', '甘', '青', '宁', '新', '港', '澳', '挂', '学', '领', '使', '临'], 'ALPHABETS': ['A', 'B', 'C', 'D', 'E', 'F', 'G', 'H', 'J', 'K', 'L', 'M', 'N', 'P', 'Q', 'R', 'S', 'T', 'U', 'V', 'W', 'X', 'Y', 'Z', 'I', 'O'], 'DIGITS': ['0', '1', '2', '3', '4', '5', '6', '7', '8', '9'], 'SEPARATOR': ['・'], 'SPECIAL': ['挂', '学', '领', '使', '临']}, 'MODEL': {'INPUT_SIZE': [94, 24], 'CLASS_NUM': 85, 'MAX_LABEL_LENGTH': 8}, 'TRAIN': {'BATCH_SIZE': 128, 'EPOCHS': 55, 'LEARNING_RATE': 0.001, 'WEIGHT_DECAY': 0.0005, 'LR_SCHEDULER': 'cosine', 'LR_STEP_SIZE': 30, 'LR_PLATEAU_PATIENCE': 10, 'LR_PLATEAU_FACTOR': 0.1, 'EARLY_STOPPING_PATIENCE': 25, 'SAVE_INTERVAL': 5, 'PRINT_INTERVAL': 100, 'WORKERS': 4}, 'AUGMENTATION': {'ENABLE': True, 'ROTATION_RANGE': 5, 'BRIGHTNESS_RANGE': [0.5, 1.5], 'CONTRAST_RANGE': [0.5, 1.5], 'GAUSSIAN_NOISE': 0.02, 'BLUR_PROBABILITY': 0.3, 'BLUR_SIZE': 3}, 'TEST': {'BATCH_SIZE': 64, 'WEIGHTS': 'weights/lprnet_best.pth'}, 'OUTPUT': {'DIR': 'output', 'WEIGHTS_DIR': 'weights', 'LOGS_DIR': 'logs'}, 'EXPORT': {'INPUT_SIZE': [94, 24], 'SIMPLIFIED': True}}
2025-03-31 22:24:10,882 - lprnet - INFO - Using device: cuda
2025-03-31 22:24:10,882 - lprnet - INFO - Setting up data loaders...
2025-03-31 22:24:11,279 - lprnet - INFO - Num training samples: 325005
2025-03-31 22:24:11,279 - lprnet - INFO - Num validation samples: 17105
2025-03-31 22:24:11,279 - lprnet - INFO - Building model...
2025-03-31 22:24:11,391 - lprnet - INFO - Model parameters: 408991
2025-03-31 22:24:11,393 - lprnet - INFO - Starting training...
2025-03-31 22:25:44,057 - lprnet - INFO - Config: {'DATASET': {'ROOT': 'F://CBLPRD-330k_v1//', 'TRAIN_FILE': './data/train.txt', 'VAL_FILE': './data/val.txt', 'PLATE_TYPES': ['黑色车牌', '单层黄牌', '双层黄牌', '普通蓝牌', '拖拉机绿牌', '新能源大型车', '新能源小型车']}, 'CHARS': {'PROVINCES': ['京', '沪', '津', '渝', '冀', '晋', '蒙', '辽', '吉', '黑', '苏', '浙', '皖', '闽', '赣', '鲁', '豫', '鄂', '湘', '粤', '桂', '琼', '川', '贵', '云', '藏', '陕', '甘', '青', '宁', '新', '港', '澳', '挂', '学', '领', '使', '临'], 'ALPHABETS': ['A', 'B', 'C', 'D', 'E', 'F', 'G', 'H', 'J', 'K', 'L', 'M', 'N', 'P', 'Q', 'R', 'S', 'T', 'U', 'V', 'W', 'X', 'Y', 'Z', 'I', 'O'], 'DIGITS': ['0', '1', '2', '3', '4', '5', '6', '7', '8', '9'], 'SEPARATOR': ['・'], 'SPECIAL': ['挂', '学', '领', '使', '临']}, 'MODEL': {'INPUT_SIZE': [94, 24], 'CLASS_NUM': 85, 'MAX_LABEL_LENGTH': 8}, 'TRAIN': {'BATCH_SIZE': 128, 'EPOCHS': 55, 'LEARNING_RATE': 0.001, 'WEIGHT_DECAY': 0.0005, 'LR_SCHEDULER': 'cosine', 'LR_STEP_SIZE': 30, 'LR_PLATEAU_PATIENCE': 10, 'LR_PLATEAU_FACTOR': 0.1, 'EARLY_STOPPING_PATIENCE': 25, 'SAVE_INTERVAL': 5, 'PRINT_INTERVAL': 100, 'WORKERS': 4}, 'AUGMENTATION': {'ENABLE': True, 'ROTATION_RANGE': 5, 'BRIGHTNESS_RANGE': [0.5, 1.5], 'CONTRAST_RANGE': [0.5, 1.5], 'GAUSSIAN_NOISE': 0.02, 'BLUR_PROBABILITY': 0.3, 'BLUR_SIZE': 3}, 'TEST': {'BATCH_SIZE': 64, 'WEIGHTS': 'weights/lprnet_best.pth'}, 'OUTPUT': {'DIR': 'output', 'WEIGHTS_DIR': 'weights', 'LOGS_DIR': 'logs'}, 'EXPORT': {'INPUT_SIZE': [94, 24], 'SIMPLIFIED': True}}
2025-03-31 22:25:44,057 - lprnet - INFO - Using device: cuda
2025-03-31 22:25:44,057 - lprnet - INFO - Setting up data loaders...
2025-03-31 22:25:44,470 - lprnet - INFO - Num training samples: 325005
2025-03-31 22:25:44,470 - lprnet - INFO - Num validation samples: 17105
2025-03-31 22:25:44,470 - lprnet - INFO - Building model...
2025-03-31 22:25:44,564 - lprnet - INFO - Model parameters: 408991
2025-03-31 22:25:44,567 - lprnet - INFO - Starting training...
2025-03-31 22:26:37,313 - lprnet - INFO - Config: {'DATASET': {'ROOT': 'F://CBLPRD-330k_v1', 'TRAIN_FILE': './data/train.txt', 'VAL_FILE': './data/val.txt', 'PLATE_TYPES': ['黑色车牌', '单层黄牌', '双层黄牌', '普通蓝牌', '拖拉机绿牌', '新能源大型车', '新能源小型车']}, 'CHARS': {'PROVINCES': ['京', '沪', '津', '渝', '冀', '晋', '蒙', '辽', '吉', '黑', '苏', '浙', '皖', '闽', '赣', '鲁', '豫', '鄂', '湘', '粤', '桂', '琼', '川', '贵', '云', '藏', '陕', '甘', '青', '宁', '新', '港', '澳', '挂', '学', '领', '使', '临'], 'ALPHABETS': ['A', 'B', 'C', 'D', 'E', 'F', 'G', 'H', 'J', 'K', 'L', 'M', 'N', 'P', 'Q', 'R', 'S', 'T', 'U', 'V', 'W', 'X', 'Y', 'Z', 'I', 'O'], 'DIGITS': ['0', '1', '2', '3', '4', '5', '6', '7', '8', '9'], 'SEPARATOR': ['・'], 'SPECIAL': ['挂', '学', '领', '使', '临']}, 'MODEL': {'INPUT_SIZE': [94, 24], 'CLASS_NUM': 85, 'MAX_LABEL_LENGTH': 8}, 'TRAIN': {'BATCH_SIZE': 128, 'EPOCHS': 55, 'LEARNING_RATE': 0.001, 'WEIGHT_DECAY': 0.0005, 'LR_SCHEDULER': 'cosine', 'LR_STEP_SIZE': 30, 'LR_PLATEAU_PATIENCE': 10, 'LR_PLATEAU_FACTOR': 0.1, 'EARLY_STOPPING_PATIENCE': 25, 'SAVE_INTERVAL': 5, 'PRINT_INTERVAL': 100, 'WORKERS': 4}, 'AUGMENTATION': {'ENABLE': True, 'ROTATION_RANGE': 5, 'BRIGHTNESS_RANGE': [0.5, 1.5], 'CONTRAST_RANGE': [0.5, 1.5], 'GAUSSIAN_NOISE': 0.02, 'BLUR_PROBABILITY': 0.3, 'BLUR_SIZE': 3}, 'TEST': {'BATCH_SIZE': 64, 'WEIGHTS': 'weights/lprnet_best.pth'}, 'OUTPUT': {'DIR': 'output', 'WEIGHTS_DIR': 'weights', 'LOGS_DIR': 'logs'}, 'EXPORT': {'INPUT_SIZE': [94, 24], 'SIMPLIFIED': True}}
2025-03-31 22:26:37,314 - lprnet - INFO - Using device: cuda
2025-03-31 22:26:37,314 - lprnet - INFO - Setting up data loaders...
2025-03-31 22:26:37,698 - lprnet - INFO - Num training samples: 325005
2025-03-31 22:26:37,698 - lprnet - INFO - Num validation samples: 17105
2025-03-31 22:26:37,699 - lprnet - INFO - Building model...
2025-03-31 22:26:37,797 - lprnet - INFO - Model parameters: 408991
2025-03-31 22:26:37,799 - lprnet - INFO - Starting training...
2025-03-31 22:30:20,069 - lprnet - INFO - Config: {'DATASET': {'ROOT': 'F:\\CBLPRD-330k_v1\\', 'TRAIN_FILE': 'F:\\CBLPRD-330k_v1\\train1.txt', 'VAL_FILE': 'F:\\CBLPRD-330k_v1\\val1.txt', 'PLATE_TYPES': ['黑色车牌', '单层黄牌', '双层黄牌', '普通蓝牌', '拖拉机绿牌', '新能源大型车', '新能源小型车']}, 'CHARS': {'PROVINCES': ['京', '沪', '津', '渝', '冀', '晋', '蒙', '辽', '吉', '黑', '苏', '浙', '皖', '闽', '赣', '鲁', '豫', '鄂', '湘', '粤', '桂', '琼', '川', '贵', '云', '藏', '陕', '甘', '青', '宁', '新', '港', '澳', '挂', '学', '领', '使', '临'], 'ALPHABETS': ['A', 'B', 'C', 'D', 'E', 'F', 'G', 'H', 'J', 'K', 'L', 'M', 'N', 'P', 'Q', 'R', 'S', 'T', 'U', 'V', 'W', 'X', 'Y', 'Z', 'I', 'O'], 'DIGITS': ['0', '1', '2', '3', '4', '5', '6', '7', '8', '9'], 'SEPARATOR': ['・'], 'SPECIAL': ['挂', '学', '领', '使', '临']}, 'MODEL': {'INPUT_SIZE': [94, 24], 'CLASS_NUM': 85, 'MAX_LABEL_LENGTH': 8}, 'TRAIN': {'BATCH_SIZE': 128, 'EPOCHS': 55, 'LEARNING_RATE': 0.001, 'WEIGHT_DECAY': 0.0005, 'LR_SCHEDULER': 'cosine', 'LR_STEP_SIZE': 30, 'LR_PLATEAU_PATIENCE': 10, 'LR_PLATEAU_FACTOR': 0.1, 'EARLY_STOPPING_PATIENCE': 25, 'SAVE_INTERVAL': 5, 'PRINT_INTERVAL': 100, 'WORKERS': 4}, 'AUGMENTATION': {'ENABLE': True, 'ROTATION_RANGE': 5, 'BRIGHTNESS_RANGE': [0.5, 1.5], 'CONTRAST_RANGE': [0.5, 1.5], 'GAUSSIAN_NOISE': 0.02, 'BLUR_PROBABILITY': 0.3, 'BLUR_SIZE': 3}, 'TEST': {'BATCH_SIZE': 64, 'WEIGHTS': 'weights/lprnet_best.pth'}, 'OUTPUT': {'DIR': 'output', 'WEIGHTS_DIR': 'weights', 'LOGS_DIR': 'logs'}, 'EXPORT': {'INPUT_SIZE': [94, 24], 'SIMPLIFIED': True}}
2025-03-31 22:30:20,069 - lprnet - INFO - Using device: cuda
2025-03-31 22:30:20,069 - lprnet - INFO - Setting up data loaders...
2025-03-31 22:30:20,467 - lprnet - INFO - Num training samples: 325005
2025-03-31 22:30:20,467 - lprnet - INFO - Num validation samples: 17105
2025-03-31 22:30:20,467 - lprnet - INFO - Building model...
2025-03-31 22:30:20,571 - lprnet - INFO - Model parameters: 408991
2025-03-31 22:30:20,573 - lprnet - INFO - Starting training...
2025-03-31 22:33:39,491 - lprnet - INFO - Config: {'DATASET': {'ROOT': 'r"F:\\\\CBLPRD-330k_v1\\\\"', 'TRAIN_FILE': 'r"F:\\\\CBLPRD-330k_v1\\\\train1.txt"', 'VAL_FILE': 'r"F:\\\\CBLPRD-330k_v1\\\\val1.txt"', 'PLATE_TYPES': ['黑色车牌', '单层黄牌', '双层黄牌', '普通蓝牌', '拖拉机绿牌', '新能源大型车', '新能源小型车']}, 'CHARS': {'PROVINCES': ['京', '沪', '津', '渝', '冀', '晋', '蒙', '辽', '吉', '黑', '苏', '浙', '皖', '闽', '赣', '鲁', '豫', '鄂', '湘', '粤', '桂', '琼', '川', '贵', '云', '藏', '陕', '甘', '青', '宁', '新', '港', '澳', '挂', '学', '领', '使', '临'], 'ALPHABETS': ['A', 'B', 'C', 'D', 'E', 'F', 'G', 'H', 'J', 'K', 'L', 'M', 'N', 'P', 'Q', 'R', 'S', 'T', 'U', 'V', 'W', 'X', 'Y', 'Z', 'I', 'O'], 'DIGITS': ['0', '1', '2', '3', '4', '5', '6', '7', '8', '9'], 'SEPARATOR': ['・'], 'SPECIAL': ['挂', '学', '领', '使', '临']}, 'MODEL': {'INPUT_SIZE': [94, 24], 'CLASS_NUM': 85, 'MAX_LABEL_LENGTH': 8}, 'TRAIN': {'BATCH_SIZE': 128, 'EPOCHS': 55, 'LEARNING_RATE': 0.001, 'WEIGHT_DECAY': 0.0005, 'LR_SCHEDULER': 'cosine', 'LR_STEP_SIZE': 30, 'LR_PLATEAU_PATIENCE': 10, 'LR_PLATEAU_FACTOR': 0.1, 'EARLY_STOPPING_PATIENCE': 25, 'SAVE_INTERVAL': 5, 'PRINT_INTERVAL': 100, 'WORKERS': 4}, 'AUGMENTATION': {'ENABLE': True, 'ROTATION_RANGE': 5, 'BRIGHTNESS_RANGE': [0.5, 1.5], 'CONTRAST_RANGE': [0.5, 1.5], 'GAUSSIAN_NOISE': 0.02, 'BLUR_PROBABILITY': 0.3, 'BLUR_SIZE': 3}, 'TEST': {'BATCH_SIZE': 64, 'WEIGHTS': 'weights/lprnet_best.pth'}, 'OUTPUT': {'DIR': 'output', 'WEIGHTS_DIR': 'weights', 'LOGS_DIR': 'logs'}, 'EXPORT': {'INPUT_SIZE': [94, 24], 'SIMPLIFIED': True}}
2025-03-31 22:33:39,492 - lprnet - INFO - Using device: cuda
2025-03-31 22:33:39,492 - lprnet - INFO - Setting up data loaders...
2025-03-31 22:34:10,271 - lprnet - INFO - Config: {'DATASET': {'ROOT': 'F:\\CBLPRD-330k_v1\\', 'TRAIN_FILE': 'F:\\CBLPRD-330k_v1\\train1.txt', 'VAL_FILE': 'F:\\CBLPRD-330k_v1\\val1.txt', 'PLATE_TYPES': ['黑色车牌', '单层黄牌', '双层黄牌', '普通蓝牌', '拖拉机绿牌', '新能源大型车', '新能源小型车']}, 'CHARS': {'PROVINCES': ['京', '沪', '津', '渝', '冀', '晋', '蒙', '辽', '吉', '黑', '苏', '浙', '皖', '闽', '赣', '鲁', '豫', '鄂', '湘', '粤', '桂', '琼', '川', '贵', '云', '藏', '陕', '甘', '青', '宁', '新', '港', '澳', '挂', '学', '领', '使', '临'], 'ALPHABETS': ['A', 'B', 'C', 'D', 'E', 'F', 'G', 'H', 'J', 'K', 'L', 'M', 'N', 'P', 'Q', 'R', 'S', 'T', 'U', 'V', 'W', 'X', 'Y', 'Z', 'I', 'O'], 'DIGITS': ['0', '1', '2', '3', '4', '5', '6', '7', '8', '9'], 'SEPARATOR': ['・'], 'SPECIAL': ['挂', '学', '领', '使', '临']}, 'MODEL': {'INPUT_SIZE': [94, 24], 'CLASS_NUM': 85, 'MAX_LABEL_LENGTH': 8}, 'TRAIN': {'BATCH_SIZE': 128, 'EPOCHS': 55, 'LEARNING_RATE': 0.001, 'WEIGHT_DECAY': 0.0005, 'LR_SCHEDULER': 'cosine', 'LR_STEP_SIZE': 30, 'LR_PLATEAU_PATIENCE': 10, 'LR_PLATEAU_FACTOR': 0.1, 'EARLY_STOPPING_PATIENCE': 25, 'SAVE_INTERVAL': 5, 'PRINT_INTERVAL': 100, 'WORKERS': 4}, 'AUGMENTATION': {'ENABLE': True, 'ROTATION_RANGE': 5, 'BRIGHTNESS_RANGE': [0.5, 1.5], 'CONTRAST_RANGE': [0.5, 1.5], 'GAUSSIAN_NOISE': 0.02, 'BLUR_PROBABILITY': 0.3, 'BLUR_SIZE': 3}, 'TEST': {'BATCH_SIZE': 64, 'WEIGHTS': 'weights/lprnet_best.pth'}, 'OUTPUT': {'DIR': 'output', 'WEIGHTS_DIR': 'weights', 'LOGS_DIR': 'logs'}, 'EXPORT': {'INPUT_SIZE': [94, 24], 'SIMPLIFIED': True}}
2025-03-31 22:34:10,271 - lprnet - INFO - Using device: cuda
2025-03-31 22:34:10,272 - lprnet - INFO - Setting up data loaders...
2025-03-31 22:34:10,667 - lprnet - INFO - Num training samples: 325005
2025-03-31 22:34:10,667 - lprnet - INFO - Num validation samples: 17105
2025-03-31 22:34:10,667 - lprnet - INFO - Building model...
2025-03-31 22:34:10,768 - lprnet - INFO - Model parameters: 408991
2025-03-31 22:34:10,770 - lprnet - INFO - Starting training...
2025-03-31 22:34:51,348 - lprnet - INFO - Config: {'DATASET': {'ROOT': 'F:\\CBLPRD-330k_v1\\', 'TRAIN_FILE': 'F:\\CBLPRD-330k_v1\\train1.txt', 'VAL_FILE': 'F:\\CBLPRD-330k_v1\\val1.txt', 'PLATE_TYPES': ['黑色车牌', '单层黄牌', '双层黄牌', '普通蓝牌', '拖拉机绿牌', '新能源大型车', '新能源小型车']}, 'CHARS': {'PROVINCES': ['京', '沪', '津', '渝', '冀', '晋', '蒙', '辽', '吉', '黑', '苏', '浙', '皖', '闽', '赣', '鲁', '豫', '鄂', '湘', '粤', '桂', '琼', '川', '贵', '云', '藏', '陕', '甘', '青', '宁', '新', '港', '澳', '挂', '学', '领', '使', '临'], 'ALPHABETS': ['A', 'B', 'C', 'D', 'E', 'F', 'G', 'H', 'J', 'K', 'L', 'M', 'N', 'P', 'Q', 'R', 'S', 'T', 'U', 'V', 'W', 'X', 'Y', 'Z', 'I', 'O'], 'DIGITS': ['0', '1', '2', '3', '4', '5', '6', '7', '8', '9'], 'SEPARATOR': ['・'], 'SPECIAL': ['挂', '学', '领', '使', '临']}, 'MODEL': {'INPUT_SIZE': [94, 24], 'CLASS_NUM': 85, 'MAX_LABEL_LENGTH': 8}, 'TRAIN': {'BATCH_SIZE': 128, 'EPOCHS': 55, 'LEARNING_RATE': 0.001, 'WEIGHT_DECAY': 0.0005, 'LR_SCHEDULER': 'cosine', 'LR_STEP_SIZE': 30, 'LR_PLATEAU_PATIENCE': 10, 'LR_PLATEAU_FACTOR': 0.1, 'EARLY_STOPPING_PATIENCE': 25, 'SAVE_INTERVAL': 5, 'PRINT_INTERVAL': 100, 'WORKERS': 4}, 'AUGMENTATION': {'ENABLE': True, 'ROTATION_RANGE': 5, 'BRIGHTNESS_RANGE': [0.5, 1.5], 'CONTRAST_RANGE': [0.5, 1.5], 'GAUSSIAN_NOISE': 0.02, 'BLUR_PROBABILITY': 0.3, 'BLUR_SIZE': 3}, 'TEST': {'BATCH_SIZE': 64, 'WEIGHTS': 'weights/lprnet_best.pth'}, 'OUTPUT': {'DIR': 'output', 'WEIGHTS_DIR': 'weights', 'LOGS_DIR': 'logs'}, 'EXPORT': {'INPUT_SIZE': [94, 24], 'SIMPLIFIED': True}}
2025-03-31 22:34:51,349 - lprnet - INFO - Using device: cuda
2025-03-31 22:34:51,349 - lprnet - INFO - Setting up data loaders...
2025-03-31 22:34:51,755 - lprnet - INFO - Num training samples: 325005
2025-03-31 22:34:51,755 - lprnet - INFO - Num validation samples: 17105
2025-03-31 22:34:51,755 - lprnet - INFO - Building model...
2025-03-31 22:34:51,854 - lprnet - INFO - Model parameters: 408991
2025-03-31 22:34:51,857 - lprnet - INFO - Starting training...
2025-03-31 22:37:29,972 - lprnet - INFO - Config: {'DATASET': {'ROOT': 'F:/CBLPRD-330k_v1/CBLPRD-330k', 'TRAIN_FILE': 'F:/CBLPRD-330k_v1/train1.txt', 'VAL_FILE': 'F:/CBLPRD-330k_v1/val1.txt', 'PLATE_TYPES': ['黑色车牌', '单层黄牌', '双层黄牌', '普通蓝牌', '拖拉机绿牌', '新能源大型车', '新能源小型车']}, 'CHARS': {'PROVINCES': ['京', '沪', '津', '渝', '冀', '晋', '蒙', '辽', '吉', '黑', '苏', '浙', '皖', '闽', '赣', '鲁', '豫', '鄂', '湘', '粤', '桂', '琼', '川', '贵', '云', '藏', '陕', '甘', '青', '宁', '新', '港', '澳', '挂', '学', '领', '使', '临'], 'ALPHABETS': ['A', 'B', 'C', 'D', 'E', 'F', 'G', 'H', 'J', 'K', 'L', 'M', 'N', 'P', 'Q', 'R', 'S', 'T', 'U', 'V', 'W', 'X', 'Y', 'Z', 'I', 'O'], 'DIGITS': ['0', '1', '2', '3', '4', '5', '6', '7', '8', '9'], 'SEPARATOR': ['・'], 'SPECIAL': ['挂', '学', '领', '使', '临']}, 'MODEL': {'INPUT_SIZE': [94, 24], 'CLASS_NUM': 85, 'MAX_LABEL_LENGTH': 8}, 'TRAIN': {'BATCH_SIZE': 128, 'EPOCHS': 55, 'LEARNING_RATE': 0.001, 'WEIGHT_DECAY': 0.0005, 'LR_SCHEDULER': 'cosine', 'LR_STEP_SIZE': 30, 'LR_PLATEAU_PATIENCE': 10, 'LR_PLATEAU_FACTOR': 0.1, 'EARLY_STOPPING_PATIENCE': 25, 'SAVE_INTERVAL': 5, 'PRINT_INTERVAL': 100, 'WORKERS': 4}, 'AUGMENTATION': {'ENABLE': True, 'ROTATION_RANGE': 5, 'BRIGHTNESS_RANGE': [0.5, 1.5], 'CONTRAST_RANGE': [0.5, 1.5], 'GAUSSIAN_NOISE': 0.02, 'BLUR_PROBABILITY': 0.3, 'BLUR_SIZE': 3}, 'TEST': {'BATCH_SIZE': 64, 'WEIGHTS': 'weights/lprnet_best.pth'}, 'OUTPUT': {'DIR': 'output', 'WEIGHTS_DIR': 'weights', 'LOGS_DIR': 'logs'}, 'EXPORT': {'INPUT_SIZE': [94, 24], 'SIMPLIFIED': True}}
2025-03-31 22:37:29,973 - lprnet - INFO - Using device: cuda
2025-03-31 22:37:29,973 - lprnet - INFO - Setting up data loaders...
2025-03-31 22:37:30,360 - lprnet - INFO - Num training samples: 325005
2025-03-31 22:37:30,360 - lprnet - INFO - Num validation samples: 17105
2025-03-31 22:37:30,360 - lprnet - INFO - Building model...
2025-03-31 22:37:30,475 - lprnet - INFO - Model parameters: 408991
2025-03-31 22:37:30,478 - lprnet - INFO - Starting training...
2025-03-31 22:38:35,133 - lprnet - INFO - Config: {'DATASET': {'ROOT': 'F:/CBLPRD-330k_v1/CBLPRD-330k', 'TRAIN_FILE': 'F:/CBLPRD-330k_v1/train1.txt', 'VAL_FILE': 'F:/CBLPRD-330k_v1/val1.txt', 'PLATE_TYPES': ['黑色车牌', '单层黄牌', '双层黄牌', '普通蓝牌', '拖拉机绿牌', '新能源大型车', '新能源小型车']}, 'CHARS': {'PROVINCES': ['京', '沪', '津', '渝', '冀', '晋', '蒙', '辽', '吉', '黑', '苏', '浙', '皖', '闽', '赣', '鲁', '豫', '鄂', '湘', '粤', '桂', '琼', '川', '贵', '云', '藏', '陕', '甘', '青', '宁', '新', '港', '澳', '挂', '学', '领', '使', '临'], 'ALPHABETS': ['A', 'B', 'C', 'D', 'E', 'F', 'G', 'H', 'J', 'K', 'L', 'M', 'N', 'P', 'Q', 'R', 'S', 'T', 'U', 'V', 'W', 'X', 'Y', 'Z', 'I', 'O'], 'DIGITS': ['0', '1', '2', '3', '4', '5', '6', '7', '8', '9'], 'SEPARATOR': ['・'], 'SPECIAL': ['挂', '学', '领', '使', '临']}, 'MODEL': {'INPUT_SIZE': [94, 24], 'CLASS_NUM': 85, 'MAX_LABEL_LENGTH': 8}, 'TRAIN': {'BATCH_SIZE': 128, 'EPOCHS': 55, 'LEARNING_RATE': 0.001, 'WEIGHT_DECAY': 0.0005, 'LR_SCHEDULER': 'cosine', 'LR_STEP_SIZE': 30, 'LR_PLATEAU_PATIENCE': 10, 'LR_PLATEAU_FACTOR': 0.1, 'EARLY_STOPPING_PATIENCE': 25, 'SAVE_INTERVAL': 5, 'PRINT_INTERVAL': 100, 'WORKERS': 4}, 'AUGMENTATION': {'ENABLE': True, 'ROTATION_RANGE': 5, 'BRIGHTNESS_RANGE': [0.5, 1.5], 'CONTRAST_RANGE': [0.5, 1.5], 'GAUSSIAN_NOISE': 0.02, 'BLUR_PROBABILITY': 0.3, 'BLUR_SIZE': 3}, 'TEST': {'BATCH_SIZE': 64, 'WEIGHTS': 'weights/lprnet_best.pth'}, 'OUTPUT': {'DIR': 'output', 'WEIGHTS_DIR': 'weights', 'LOGS_DIR': 'logs'}, 'EXPORT': {'INPUT_SIZE': [94, 24], 'SIMPLIFIED': True}}
2025-03-31 22:38:35,133 - lprnet - INFO - Using device: cuda
2025-03-31 22:38:35,133 - lprnet - INFO - Setting up data loaders...
2025-03-31 22:38:35,485 - lprnet - INFO - Num training samples: 325005
2025-03-31 22:38:35,485 - lprnet - INFO - Num validation samples: 17105
2025-03-31 22:38:35,485 - lprnet - INFO - Building model...
2025-03-31 22:38:35,587 - lprnet - INFO - Model parameters: 408991
2025-03-31 22:38:35,589 - lprnet - INFO - Starting training...
2025-03-31 22:40:37,002 - lprnet - INFO - Config: {'DATASET': {'ROOT': 'F:/CBLPRD-330k_v1/CBLPRD-330k', 'TRAIN_FILE': 'F:/CBLPRD-330k_v1/train1.txt', 'VAL_FILE': 'F:/CBLPRD-330k_v1/val1.txt', 'PLATE_TYPES': ['黑色车牌', '单层黄牌', '双层黄牌', '普通蓝牌', '拖拉机绿牌', '新能源大型车', '新能源小型车']}, 'CHARS': {'PROVINCES': ['京', '沪', '津', '渝', '冀', '晋', '蒙', '辽', '吉', '黑', '苏', '浙', '皖', '闽', '赣', '鲁', '豫', '鄂', '湘', '粤', '桂', '琼', '川', '贵', '云', '藏', '陕', '甘', '青', '宁', '新', '港', '澳', '挂', '学', '领', '使', '临'], 'ALPHABETS': ['A', 'B', 'C', 'D', 'E', 'F', 'G', 'H', 'J', 'K', 'L', 'M', 'N', 'P', 'Q', 'R', 'S', 'T', 'U', 'V', 'W', 'X', 'Y', 'Z', 'I', 'O'], 'DIGITS': ['0', '1', '2', '3', '4', '5', '6', '7', '8', '9'], 'SEPARATOR': ['・'], 'SPECIAL': ['挂', '学', '领', '使', '临']}, 'MODEL': {'INPUT_SIZE': [94, 24], 'CLASS_NUM': 85, 'MAX_LABEL_LENGTH': 8}, 'TRAIN': {'BATCH_SIZE': 128, 'EPOCHS': 55, 'LEARNING_RATE': 0.001, 'WEIGHT_DECAY': 0.0005, 'LR_SCHEDULER': 'cosine', 'LR_STEP_SIZE': 30, 'LR_PLATEAU_PATIENCE': 10, 'LR_PLATEAU_FACTOR': 0.1, 'EARLY_STOPPING_PATIENCE': 25, 'SAVE_INTERVAL': 5, 'PRINT_INTERVAL': 100, 'WORKERS': 4}, 'AUGMENTATION': {'ENABLE': True, 'ROTATION_RANGE': 5, 'BRIGHTNESS_RANGE': [0.5, 1.5], 'CONTRAST_RANGE': [0.5, 1.5], 'GAUSSIAN_NOISE': 0.02, 'BLUR_PROBABILITY': 0.3, 'BLUR_SIZE': 3}, 'TEST': {'BATCH_SIZE': 64, 'WEIGHTS': 'weights/lprnet_best.pth'}, 'OUTPUT': {'DIR': 'output', 'WEIGHTS_DIR': 'weights', 'LOGS_DIR': 'logs'}, 'EXPORT': {'INPUT_SIZE': [94, 24], 'SIMPLIFIED': True}}
2025-03-31 22:40:37,003 - lprnet - INFO - Using device: cuda
2025-03-31 22:40:37,003 - lprnet - INFO - Setting up data loaders...
2025-03-31 22:40:37,513 - lprnet - INFO - Num training samples: 325005
2025-03-31 22:40:37,513 - lprnet - INFO - Num validation samples: 17105
2025-03-31 22:40:37,513 - lprnet - INFO - Building model...
2025-03-31 22:40:37,624 - lprnet - INFO - Model parameters: 408991
2025-03-31 22:40:37,627 - lprnet - INFO - Starting training...
2025-03-31 23:01:32,690 - lprnet - INFO - Config: {'DATASET': {'ROOT': 'F:/CBLPRD-330k_v1/CBLPRD-330k', 'TRAIN_FILE': 'data/train.txt', 'VAL_FILE': 'data/val.txt', 'PLATE_TYPES': ['黑色车牌', '单层黄牌', '双层黄牌', '普通蓝牌', '拖拉机绿牌', '新能源大型车', '新能源小型车']}, 'CHARS': {'PROVINCES': ['京', '沪', '津', '渝', '冀', '晋', '蒙', '辽', '吉', '黑', '苏', '浙', '皖', '闽', '赣', '鲁', '豫', '鄂', '湘', '粤', '桂', '琼', '川', '贵', '云', '藏', '陕', '甘', '青', '宁', '新', '港', '澳', '挂', '学', '领', '使', '临'], 'ALPHABETS': ['A', 'B', 'C', 'D', 'E', 'F', 'G', 'H', 'J', 'K', 'L', 'M', 'N', 'P', 'Q', 'R', 'S', 'T', 'U', 'V', 'W', 'X', 'Y', 'Z', 'I', 'O'], 'DIGITS': ['0', '1', '2', '3', '4', '5', '6', '7', '8', '9'], 'SEPARATOR': ['・'], 'SPECIAL': ['挂', '学', '领', '使', '临']}, 'MODEL': {'INPUT_SIZE': [94, 24], 'CLASS_NUM': 85, 'MAX_LABEL_LENGTH': 8}, 'TRAIN': {'BATCH_SIZE': 128, 'EPOCHS': 55, 'LEARNING_RATE': 0.001, 'WEIGHT_DECAY': 0.0005, 'LR_SCHEDULER': 'cosine', 'LR_STEP_SIZE': 30, 'LR_PLATEAU_PATIENCE': 10, 'LR_PLATEAU_FACTOR': 0.1, 'EARLY_STOPPING_PATIENCE': 25, 'SAVE_INTERVAL': 5, 'PRINT_INTERVAL': 100, 'WORKERS': 4}, 'AUGMENTATION': {'ENABLE': True, 'ROTATION_RANGE': 5, 'BRIGHTNESS_RANGE': [0.5, 1.5], 'CONTRAST_RANGE': [0.5, 1.5], 'GAUSSIAN_NOISE': 0.02, 'BLUR_PROBABILITY': 0.3, 'BLUR_SIZE': 3}, 'TEST': {'BATCH_SIZE': 64, 'WEIGHTS': 'weights/lprnet_best.pth'}, 'OUTPUT': {'DIR': 'output', 'WEIGHTS_DIR': 'weights', 'LOGS_DIR': 'logs'}, 'EXPORT': {'INPUT_SIZE': [94, 24], 'SIMPLIFIED': True}}
2025-03-31 23:01:32,691 - lprnet - INFO - Using device: cuda
2025-03-31 23:01:32,691 - lprnet - INFO - Setting up data loaders...
2025-03-31 23:01:33,170 - lprnet - INFO - Num training samples: 325005
2025-03-31 23:01:33,170 - lprnet - INFO - Num validation samples: 17105
2025-03-31 23:01:33,170 - lprnet - INFO - Building model...
2025-03-31 23:01:33,297 - lprnet - INFO - Model parameters: 408991
2025-03-31 23:01:33,301 - lprnet - INFO - Starting training...
2025-03-31 23:06:37,037 - lprnet - INFO - Config: {'DATASET': {'ROOT': 'F:/CBLPRD-330k_v1/CBLPRD-330k', 'TRAIN_FILE': 'data/train.txt', 'VAL_FILE': 'data/val.txt', 'PLATE_TYPES': ['黑色车牌', '单层黄牌', '双层黄牌', '普通蓝牌', '拖拉机绿牌', '新能源大型车', '新能源小型车']}, 'CHARS': {'PROVINCES': ['京', '沪', '津', '渝', '冀', '晋', '蒙', '辽', '吉', '黑', '苏', '浙', '皖', '闽', '赣', '鲁', '豫', '鄂', '湘', '粤', '桂', '琼', '川', '贵', '云', '藏', '陕', '甘', '青', '宁', '新', '港', '澳', '挂', '学', '领', '使', '临'], 'ALPHABETS': ['A', 'B', 'C', 'D', 'E', 'F', 'G', 'H', 'J', 'K', 'L', 'M', 'N', 'P', 'Q', 'R', 'S', 'T', 'U', 'V', 'W', 'X', 'Y', 'Z', 'I', 'O'], 'DIGITS': ['0', '1', '2', '3', '4', '5', '6', '7', '8', '9'], 'SEPARATOR': ['・'], 'SPECIAL': ['挂', '学', '领', '使', '临']}, 'MODEL': {'INPUT_SIZE': [94, 24], 'CLASS_NUM': 85, 'MAX_LABEL_LENGTH': 8}, 'TRAIN': {'BATCH_SIZE': 128, 'EPOCHS': 55, 'LEARNING_RATE': 0.001, 'WEIGHT_DECAY': 0.0005, 'LR_SCHEDULER': 'cosine', 'LR_STEP_SIZE': 30, 'LR_PLATEAU_PATIENCE': 10, 'LR_PLATEAU_FACTOR': 0.1, 'EARLY_STOPPING_PATIENCE': 25, 'SAVE_INTERVAL': 5, 'PRINT_INTERVAL': 100, 'WORKERS': 4}, 'AUGMENTATION': {'ENABLE': True, 'ROTATION_RANGE': 5, 'BRIGHTNESS_RANGE': [0.5, 1.5], 'CONTRAST_RANGE': [0.5, 1.5], 'GAUSSIAN_NOISE': 0.02, 'BLUR_PROBABILITY': 0.3, 'BLUR_SIZE': 3}, 'TEST': {'BATCH_SIZE': 64, 'WEIGHTS': 'weights/lprnet_best.pth'}, 'OUTPUT': {'DIR': 'output', 'WEIGHTS_DIR': 'weights', 'LOGS_DIR': 'logs'}, 'EXPORT': {'INPUT_SIZE': [94, 24], 'SIMPLIFIED': True}}
2025-03-31 23:06:37,038 - lprnet - INFO - Using device: cuda
2025-03-31 23:06:37,038 - lprnet - INFO - Setting up data loaders...
2025-03-31 23:06:37,493 - lprnet - INFO - Num training samples: 325005
2025-03-31 23:06:37,493 - lprnet - INFO - Num validation samples: 17105
2025-03-31 23:06:37,493 - lprnet - INFO - Building model...
2025-03-31 23:06:37,599 - lprnet - INFO - Model parameters: 408991
2025-03-31 23:06:37,602 - lprnet - INFO - Starting training...
2025-03-31 23:20:34,269 - lprnet - INFO - Config: {'DATASET': {'ROOT': 'F:/CBLPRD-330k_v1/CBLPRD-330k', 'TRAIN_FILE': 'data/train.txt', 'VAL_FILE': 'data/val.txt', 'PLATE_TYPES': ['黑色车牌', '单层黄牌', '双层黄牌', '普通蓝牌', '拖拉机绿牌', '新能源大型车', '新能源小型车']}, 'CHARS': {'PROVINCES': ['京', '沪', '津', '渝', '冀', '晋', '蒙', '辽', '吉', '黑', '苏', '浙', '皖', '闽', '赣', '鲁', '豫', '鄂', '湘', '粤', '桂', '琼', '川', '贵', '云', '藏', '陕', '甘', '青', '宁', '新', '港', '澳', '挂', '学', '领', '使', '临'], 'ALPHABETS': ['A', 'B', 'C', 'D', 'E', 'F', 'G', 'H', 'J', 'K', 'L', 'M', 'N', 'P', 'Q', 'R', 'S', 'T', 'U', 'V', 'W', 'X', 'Y', 'Z', 'I', 'O'], 'DIGITS': ['0', '1', '2', '3', '4', '5', '6', '7', '8', '9'], 'SEPARATOR': ['・'], 'SPECIAL': ['挂', '学', '领', '使', '临']}, 'MODEL': {'INPUT_SIZE': [94, 24], 'CLASS_NUM': 85, 'MAX_LABEL_LENGTH': 8}, 'TRAIN': {'BATCH_SIZE': 128, 'EPOCHS': 55, 'LEARNING_RATE': 0.001, 'WEIGHT_DECAY': 0.0005, 'LR_SCHEDULER': 'cosine', 'LR_STEP_SIZE': 30, 'LR_PLATEAU_PATIENCE': 10, 'LR_PLATEAU_FACTOR': 0.1, 'EARLY_STOPPING_PATIENCE': 25, 'SAVE_INTERVAL': 5, 'PRINT_INTERVAL': 100, 'WORKERS': 4}, 'AUGMENTATION': {'ENABLE': True, 'ROTATION_RANGE': 5, 'BRIGHTNESS_RANGE': [0.5, 1.5], 'CONTRAST_RANGE': [0.5, 1.5], 'GAUSSIAN_NOISE': 0.02, 'BLUR_PROBABILITY': 0.3, 'BLUR_SIZE': 3}, 'TEST': {'BATCH_SIZE': 64, 'WEIGHTS': 'weights/lprnet_best.pth'}, 'OUTPUT': {'DIR': 'output', 'WEIGHTS_DIR': 'weights', 'LOGS_DIR': 'logs'}, 'EXPORT': {'INPUT_SIZE': [94, 24], 'SIMPLIFIED': True}}
2025-03-31 23:20:34,270 - lprnet - INFO - Using device: cuda
2025-03-31 23:20:34,271 - lprnet - INFO - Setting up data loaders...
2025-03-31 23:20:34,722 - lprnet - INFO - Num training samples: 325005
2025-03-31 23:20:34,723 - lprnet - INFO - Num validation samples: 17105
2025-03-31 23:20:34,723 - lprnet - INFO - Building model...
2025-03-31 23:20:34,818 - lprnet - INFO - Model parameters: 408991
2025-03-31 23:20:34,821 - lprnet - INFO - Starting training...
2025-03-31 23:21:45,557 - lprnet - INFO - Config: {'DATASET': {'ROOT': 'F:/CBLPRD-330k_v1/CBLPRD-330k', 'TRAIN_FILE': 'data/train.txt', 'VAL_FILE': 'data/val.txt', 'PLATE_TYPES': ['黑色车牌', '单层黄牌', '双层黄牌', '普通蓝牌', '拖拉机绿牌', '新能源大型车', '新能源小型车']}, 'CHARS': {'PROVINCES': ['京', '沪', '津', '渝', '冀', '晋', '蒙', '辽', '吉', '黑', '苏', '浙', '皖', '闽', '赣', '鲁', '豫', '鄂', '湘', '粤', '桂', '琼', '川', '贵', '云', '藏', '陕', '甘', '青', '宁', '新', '港', '澳', '挂', '学', '领', '使', '临'], 'ALPHABETS': ['A', 'B', 'C', 'D', 'E', 'F', 'G', 'H', 'J', 'K', 'L', 'M', 'N', 'P', 'Q', 'R', 'S', 'T', 'U', 'V', 'W', 'X', 'Y', 'Z', 'I', 'O'], 'DIGITS': ['0', '1', '2', '3', '4', '5', '6', '7', '8', '9'], 'SEPARATOR': ['・'], 'SPECIAL': ['挂', '学', '领', '使', '临']}, 'MODEL': {'INPUT_SIZE': [94, 24], 'CLASS_NUM': 85, 'MAX_LABEL_LENGTH': 8}, 'TRAIN': {'BATCH_SIZE': 128, 'EPOCHS': 55, 'LEARNING_RATE': 0.001, 'WEIGHT_DECAY': 0.0005, 'LR_SCHEDULER': 'cosine', 'LR_STEP_SIZE': 30, 'LR_PLATEAU_PATIENCE': 10, 'LR_PLATEAU_FACTOR': 0.1, 'EARLY_STOPPING_PATIENCE': 25, 'SAVE_INTERVAL': 5, 'PRINT_INTERVAL': 100, 'WORKERS': 4}, 'AUGMENTATION': {'ENABLE': True, 'ROTATION_RANGE': 5, 'BRIGHTNESS_RANGE': [0.5, 1.5], 'CONTRAST_RANGE': [0.5, 1.5], 'GAUSSIAN_NOISE': 0.02, 'BLUR_PROBABILITY': 0.3, 'BLUR_SIZE': 3}, 'TEST': {'BATCH_SIZE': 64, 'WEIGHTS': 'weights/lprnet_best.pth'}, 'OUTPUT': {'DIR': 'output', 'WEIGHTS_DIR': 'weights', 'LOGS_DIR': 'logs'}, 'EXPORT': {'INPUT_SIZE': [94, 24], 'SIMPLIFIED': True}}
2025-03-31 23:21:45,558 - lprnet - INFO - Using device: cuda
2025-03-31 23:21:45,559 - lprnet - INFO - Setting up data loaders...
2025-03-31 23:21:46,053 - lprnet - INFO - Num training samples: 325005
2025-03-31 23:21:46,054 - lprnet - INFO - Num validation samples: 17105
2025-03-31 23:21:46,054 - lprnet - INFO - Building model...
2025-03-31 23:21:46,149 - lprnet - INFO - Model parameters: 408991
2025-03-31 23:21:46,152 - lprnet - INFO - Starting training...
2025-03-31 23:22:59,738 - lprnet - INFO - Config: {'DATASET': {'ROOT': 'F:/CBLPRD-330k_v1/CBLPRD-330k', 'TRAIN_FILE': 'data/train.txt', 'VAL_FILE': 'data/val.txt', 'PLATE_TYPES': ['黑色车牌', '单层黄牌', '双层黄牌', '普通蓝牌', '拖拉机绿牌', '新能源大型车', '新能源小型车']}, 'CHARS': {'PROVINCES': ['京', '沪', '津', '渝', '冀', '晋', '蒙', '辽', '吉', '黑', '苏', '浙', '皖', '闽', '赣', '鲁', '豫', '鄂', '湘', '粤', '桂', '琼', '川', '贵', '云', '藏', '陕', '甘', '青', '宁', '新', '港', '澳', '挂', '学', '领', '使', '临'], 'ALPHABETS': ['A', 'B', 'C', 'D', 'E', 'F', 'G', 'H', 'J', 'K', 'L', 'M', 'N', 'P', 'Q', 'R', 'S', 'T', 'U', 'V', 'W', 'X', 'Y', 'Z', 'I', 'O'], 'DIGITS': ['0', '1', '2', '3', '4', '5', '6', '7', '8', '9'], 'SEPARATOR': ['・'], 'SPECIAL': ['挂', '学', '领', '使', '临']}, 'MODEL': {'INPUT_SIZE': [94, 24], 'CLASS_NUM': 85, 'MAX_LABEL_LENGTH': 8}, 'TRAIN': {'BATCH_SIZE': 128, 'EPOCHS': 55, 'LEARNING_RATE': 0.001, 'WEIGHT_DECAY': 0.0005, 'LR_SCHEDULER': 'cosine', 'LR_STEP_SIZE': 30, 'LR_PLATEAU_PATIENCE': 10, 'LR_PLATEAU_FACTOR': 0.1, 'EARLY_STOPPING_PATIENCE': 25, 'SAVE_INTERVAL': 5, 'PRINT_INTERVAL': 100, 'WORKERS': 4}, 'AUGMENTATION': {'ENABLE': True, 'ROTATION_RANGE': 5, 'BRIGHTNESS_RANGE': [0.5, 1.5], 'CONTRAST_RANGE': [0.5, 1.5], 'GAUSSIAN_NOISE': 0.02, 'BLUR_PROBABILITY': 0.3, 'BLUR_SIZE': 3}, 'TEST': {'BATCH_SIZE': 64, 'WEIGHTS': 'weights/lprnet_best.pth'}, 'OUTPUT': {'DIR': 'output', 'WEIGHTS_DIR': 'weights', 'LOGS_DIR': 'logs'}, 'EXPORT': {'INPUT_SIZE': [94, 24], 'SIMPLIFIED': True}}
2025-03-31 23:22:59,739 - lprnet - INFO - Using device: cuda
2025-03-31 23:22:59,739 - lprnet - INFO - Setting up data loaders...
2025-03-31 23:23:00,186 - lprnet - INFO - Num training samples: 325005
2025-03-31 23:23:00,187 - lprnet - INFO - Num validation samples: 17105
2025-03-31 23:23:00,187 - lprnet - INFO - Building model...
2025-03-31 23:23:00,312 - lprnet - INFO - Model parameters: 408991
2025-03-31 23:23:00,315 - lprnet - INFO - Starting training...
2025-03-31 23:26:39,836 - lprnet - INFO - Config: {'DATASET': {'ROOT': 'F:/CBLPRD-330k_v1/CBLPRD-330k', 'TRAIN_FILE': 'data/train.txt', 'VAL_FILE': 'data/val.txt', 'PLATE_TYPES': ['黑色车牌', '单层黄牌', '双层黄牌', '普通蓝牌', '拖拉机绿牌', '新能源大型车', '新能源小型车']}, 'CHARS': {'PROVINCES': ['京', '沪', '津', '渝', '冀', '晋', '蒙', '辽', '吉', '黑', '苏', '浙', '皖', '闽', '赣', '鲁', '豫', '鄂', '湘', '粤', '桂', '琼', '川', '贵', '云', '藏', '陕', '甘', '青', '宁', '新', '港', '澳', '挂', '学', '领', '使', '临'], 'ALPHABETS': ['A', 'B', 'C', 'D', 'E', 'F', 'G', 'H', 'J', 'K', 'L', 'M', 'N', 'P', 'Q', 'R', 'S', 'T', 'U', 'V', 'W', 'X', 'Y', 'Z', 'I', 'O'], 'DIGITS': ['0', '1', '2', '3', '4', '5', '6', '7', '8', '9'], 'SEPARATOR': ['・'], 'SPECIAL': ['挂', '学', '领', '使', '临']}, 'MODEL': {'INPUT_SIZE': [94, 24], 'CLASS_NUM': 85, 'MAX_LABEL_LENGTH': 8}, 'TRAIN': {'BATCH_SIZE': 128, 'EPOCHS': 55, 'LEARNING_RATE': 0.001, 'WEIGHT_DECAY': 0.0005, 'LR_SCHEDULER': 'cosine', 'LR_STEP_SIZE': 30, 'LR_PLATEAU_PATIENCE': 10, 'LR_PLATEAU_FACTOR': 0.1, 'EARLY_STOPPING_PATIENCE': 25, 'SAVE_INTERVAL': 5, 'PRINT_INTERVAL': 100, 'WORKERS': 4}, 'AUGMENTATION': {'ENABLE': True, 'ROTATION_RANGE': 5, 'BRIGHTNESS_RANGE': [0.5, 1.5], 'CONTRAST_RANGE': [0.5, 1.5], 'GAUSSIAN_NOISE': 0.02, 'BLUR_PROBABILITY': 0.3, 'BLUR_SIZE': 3}, 'TEST': {'BATCH_SIZE': 64, 'WEIGHTS': 'weights/lprnet_best.pth'}, 'OUTPUT': {'DIR': 'output', 'WEIGHTS_DIR': 'weights', 'LOGS_DIR': 'logs'}, 'EXPORT': {'INPUT_SIZE': [94, 24], 'SIMPLIFIED': True}}
2025-03-31 23:26:39,836 - lprnet - INFO - Using device: cuda
2025-03-31 23:26:39,836 - lprnet - INFO - Setting up data loaders...
2025-03-31 23:26:40,365 - lprnet - INFO - Num training samples: 325005
2025-03-31 23:26:40,365 - lprnet - INFO - Num validation samples: 17105
2025-03-31 23:26:40,365 - lprnet - INFO - Building model...
2025-03-31 23:26:40,474 - lprnet - INFO - Model parameters: 408991
2025-03-31 23:26:40,478 - lprnet - INFO - Starting training...
2025-03-31 23:27:12,254 - lprnet - INFO - Batch size: 128
2025-03-31 23:27:12,254 - lprnet - INFO - Images shape: torch.Size([128, 3, 94, 24])
2025-03-31 23:27:12,254 - lprnet - INFO - Targets shape: torch.Size([128, 8])
2025-03-31 23:27:12,265 - lprnet - INFO - Target lengths: tensor([8, 7, 7, 7, 8, 7, 7, 7, 8, 7, 7, 8, 8, 8, 7, 8, 8, 8, 7, 8, 7, 8, 8, 7,
        8, 8, 8, 7, 7, 7, 8, 7, 8, 7, 7, 8, 7, 7, 7, 7, 8, 8, 7, 8, 7, 7, 7, 7,
        7, 7, 8, 7, 8, 7, 8, 7, 7, 7, 7, 7, 8, 7, 8, 7, 8, 7, 7, 7, 7, 8, 7, 7,
        7, 7, 8, 7, 7, 8, 7, 8, 7, 8, 8, 7, 7, 8, 8, 8, 7, 8, 8, 8, 8, 7, 8, 8,
        7, 7, 7, 8, 7, 7, 8, 7, 7, 7, 7, 7, 8, 7, 7, 8, 7, 8, 7, 7, 8, 7, 8, 7,
        7, 7, 8, 8, 7, 7, 8, 7], device='cuda:0')
2025-03-31 23:27:12,883 - lprnet - INFO - Logits shape: torch.Size([128, 21, 85])
2025-03-31 23:27:12,888 - lprnet - INFO - Logits lengths: tensor([21, 21, 21, 21, 21, 21, 21, 21, 21, 21, 21, 21, 21, 21, 21, 21, 21, 21,
        21, 21, 21, 21, 21, 21, 21, 21, 21, 21, 21, 21, 21, 21, 21, 21, 21, 21,
        21, 21, 21, 21, 21, 21, 21, 21, 21, 21, 21, 21, 21, 21, 21, 21, 21, 21,
        21, 21, 21, 21, 21, 21, 21, 21, 21, 21, 21, 21, 21, 21, 21, 21, 21, 21,
        21, 21, 21, 21, 21, 21, 21, 21, 21, 21, 21, 21, 21, 21, 21, 21, 21, 21,
        21, 21, 21, 21, 21, 21, 21, 21, 21, 21, 21, 21, 21, 21, 21, 21, 21, 21,
        21, 21, 21, 21, 21, 21, 21, 21, 21, 21, 21, 21, 21, 21, 21, 21, 21, 21,
        21, 21], device='cuda:0')
2025-03-31 23:27:12,909 - lprnet - INFO - Sum of target lengths: 948
2025-03-31 23:27:31,418 - lprnet - INFO - Sample predictions (Epoch 0, Batch 100):
2025-03-31 23:27:31,418 - lprnet - INFO -   True: 827005使, Pred: 
2025-03-31 23:27:31,418 - lprnet - INFO -   True: 皖IJGF3T, Pred: MXVHXYX
2025-03-31 23:27:31,418 - lprnet - INFO -   True: 晋B002ZE, Pred: 
2025-03-31 23:27:49,694 - lprnet - INFO - Sample predictions (Epoch 0, Batch 200):
2025-03-31 23:27:49,694 - lprnet - INFO -   True: 辽15QETA学, Pred: D898086898609
2025-03-31 23:27:49,694 - lprnet - INFO -   True: 桂GAS0BD, Pred: YKYKAKA
2025-03-31 23:27:49,694 - lprnet - INFO -   True: 贵27XZ4D5, Pred: D68694
2025-03-31 23:28:08,641 - lprnet - INFO - Sample predictions (Epoch 0, Batch 300):
2025-03-31 23:28:08,641 - lprnet - INFO -   True: 冀Q6JKCL, Pred: 
2025-03-31 23:28:08,641 - lprnet - INFO -   True: 鄂63420领, Pred: 808080945
2025-03-31 23:28:08,642 - lprnet - INFO -   True: 赣BFK6196, Pred: FD060694
2025-03-31 23:28:27,648 - lprnet - INFO - Sample predictions (Epoch 0, Batch 400):
2025-03-31 23:28:27,648 - lprnet - INFO -   True: 粤WDW1920, Pred: 陕KF17D
2025-03-31 23:28:27,648 - lprnet - INFO -   True: 川N63250F, Pred: 4217D
2025-03-31 23:28:27,648 - lprnet - INFO -   True: 冀CDP3278, Pred: 陕KFDFD8064
2025-03-31 23:28:45,919 - lprnet - INFO - Sample predictions (Epoch 0, Batch 500):
2025-03-31 23:28:45,919 - lprnet - INFO -   True: 琼E15154D, Pred: 粤1领
2025-03-31 23:28:45,919 - lprnet - INFO -   True: 豫QAU0Z挂, Pred: 浙
2025-03-31 23:28:45,919 - lprnet - INFO -   True: 蒙Q02510F, Pred: 粤Y9717
2025-03-31 23:28:47,982 - lprnet - INFO - Config: {'DATASET': {'ROOT': 'F:/CBLPRD-330k_v1/CBLPRD-330k', 'TRAIN_FILE': 'data/train.txt', 'VAL_FILE': 'data/val.txt', 'PLATE_TYPES': ['黑色车牌', '单层黄牌', '双层黄牌', '普通蓝牌', '拖拉机绿牌', '新能源大型车', '新能源小型车']}, 'CHARS': {'PROVINCES': ['京', '沪', '津', '渝', '冀', '晋', '蒙', '辽', '吉', '黑', '苏', '浙', '皖', '闽', '赣', '鲁', '豫', '鄂', '湘', '粤', '桂', '琼', '川', '贵', '云', '藏', '陕', '甘', '青', '宁', '新', '港', '澳', '挂', '学', '领', '使', '临'], 'ALPHABETS': ['A', 'B', 'C', 'D', 'E', 'F', 'G', 'H', 'J', 'K', 'L', 'M', 'N', 'P', 'Q', 'R', 'S', 'T', 'U', 'V', 'W', 'X', 'Y', 'Z', 'I', 'O'], 'DIGITS': ['0', '1', '2', '3', '4', '5', '6', '7', '8', '9'], 'SEPARATOR': ['・'], 'SPECIAL': ['挂', '学', '领', '使', '临']}, 'MODEL': {'INPUT_SIZE': [94, 24], 'CLASS_NUM': 85, 'MAX_LABEL_LENGTH': 8}, 'TRAIN': {'BATCH_SIZE': 128, 'EPOCHS': 55, 'LEARNING_RATE': 0.001, 'WEIGHT_DECAY': 0.0005, 'LR_SCHEDULER': 'cosine', 'LR_STEP_SIZE': 30, 'LR_PLATEAU_PATIENCE': 10, 'LR_PLATEAU_FACTOR': 0.1, 'EARLY_STOPPING_PATIENCE': 25, 'SAVE_INTERVAL': 5, 'PRINT_INTERVAL': 100, 'WORKERS': 4}, 'AUGMENTATION': {'ENABLE': True, 'ROTATION_RANGE': 5, 'BRIGHTNESS_RANGE': [0.5, 1.5], 'CONTRAST_RANGE': [0.5, 1.5], 'GAUSSIAN_NOISE': 0.02, 'BLUR_PROBABILITY': 0.3, 'BLUR_SIZE': 3}, 'TEST': {'BATCH_SIZE': 64, 'WEIGHTS': 'weights/lprnet_best.pth'}, 'OUTPUT': {'DIR': 'output', 'WEIGHTS_DIR': 'weights', 'LOGS_DIR': 'logs'}, 'EXPORT': {'INPUT_SIZE': [94, 24], 'SIMPLIFIED': True}}
2025-03-31 23:28:47,982 - lprnet - INFO - Using device: cuda
2025-03-31 23:28:47,983 - lprnet - INFO - Setting up data loaders...
2025-03-31 23:28:48,591 - lprnet - INFO - Num training samples: 325005
2025-03-31 23:28:48,592 - lprnet - INFO - Num validation samples: 17105
2025-03-31 23:28:48,592 - lprnet - INFO - Building model...
2025-03-31 23:28:48,806 - lprnet - INFO - Model parameters: 408991
2025-03-31 23:28:48,809 - lprnet - INFO - Starting training...
2025-03-31 23:29:03,973 - lprnet - INFO - Sample predictions (Epoch 0, Batch 600):
2025-03-31 23:29:03,973 - lprnet - INFO -   True: 青A56688F, Pred: 粤X657121D
2025-03-31 23:29:03,973 - lprnet - INFO -   True: 冀FFK1622, Pred: 粤LF17
2025-03-31 23:29:03,973 - lprnet - INFO -   True: 川90Y6U1P, Pred: 粤D8464学
2025-03-31 23:29:22,428 - lprnet - INFO - Sample predictions (Epoch 0, Batch 700):
2025-03-31 23:29:22,429 - lprnet - INFO -   True: 粤918U5W5, Pred: 粤09W学
2025-03-31 23:29:22,429 - lprnet - INFO -   True: 宁TD36958, Pred: 豫UDF080
2025-03-31 23:29:22,429 - lprnet - INFO -   True: 京P3ZU2X, Pred: 粤
2025-03-31 23:29:30,777 - lprnet - INFO - Batch size: 128
2025-03-31 23:29:30,778 - lprnet - INFO - Images shape: torch.Size([128, 3, 94, 24])
2025-03-31 23:29:30,779 - lprnet - INFO - Targets shape: torch.Size([128, 8])
2025-03-31 23:29:30,794 - lprnet - INFO - Target lengths: tensor([8, 7, 7, 7, 8, 7, 7, 7, 8, 7, 7, 8, 8, 8, 7, 8, 8, 8, 7, 8, 7, 8, 8, 7,
        8, 8, 8, 7, 7, 7, 8, 7, 8, 7, 7, 8, 7, 7, 7, 7, 8, 8, 7, 8, 7, 7, 7, 7,
        7, 7, 8, 7, 8, 7, 8, 7, 7, 7, 7, 7, 8, 7, 8, 7, 8, 7, 7, 7, 7, 8, 7, 7,
        7, 7, 8, 7, 7, 8, 7, 8, 7, 8, 8, 7, 7, 8, 8, 8, 7, 8, 8, 8, 8, 7, 8, 8,
        7, 7, 7, 8, 7, 7, 8, 7, 7, 7, 7, 7, 8, 7, 7, 8, 7, 8, 7, 7, 8, 7, 8, 7,
        7, 7, 8, 8, 7, 7, 8, 7], device='cuda:0')
2025-03-31 23:29:31,222 - lprnet - INFO - Logits shape: torch.Size([128, 21, 85])
2025-03-31 23:29:31,232 - lprnet - INFO - Logits lengths: tensor([21, 21, 21, 21, 21, 21, 21, 21, 21, 21, 21, 21, 21, 21, 21, 21, 21, 21,
        21, 21, 21, 21, 21, 21, 21, 21, 21, 21, 21, 21, 21, 21, 21, 21, 21, 21,
        21, 21, 21, 21, 21, 21, 21, 21, 21, 21, 21, 21, 21, 21, 21, 21, 21, 21,
        21, 21, 21, 21, 21, 21, 21, 21, 21, 21, 21, 21, 21, 21, 21, 21, 21, 21,
        21, 21, 21, 21, 21, 21, 21, 21, 21, 21, 21, 21, 21, 21, 21, 21, 21, 21,
        21, 21, 21, 21, 21, 21, 21, 21, 21, 21, 21, 21, 21, 21, 21, 21, 21, 21,
        21, 21, 21, 21, 21, 21, 21, 21, 21, 21, 21, 21, 21, 21, 21, 21, 21, 21,
        21, 21], device='cuda:0')
2025-03-31 23:29:31,244 - lprnet - INFO - Sum of target lengths: 948
2025-03-31 23:29:55,643 - lprnet - INFO - Sample predictions (Epoch 0, Batch 800):
2025-03-31 23:29:55,644 - lprnet - INFO -   True: 吉CL3W4学, Pred: 苏O
2025-03-31 23:29:55,644 - lprnet - INFO -   True: 藏38293领, Pred: 粤0使领
2025-03-31 23:29:55,644 - lprnet - INFO -   True: 838332使, Pred: 粤0使领
2025-03-31 23:30:16,898 - lprnet - INFO - Sample predictions (Epoch 0, Batch 100):
2025-03-31 23:30:16,899 - lprnet - INFO -   True: 827005使, Pred: 
2025-03-31 23:30:16,899 - lprnet - INFO -   True: 皖IJGF3T, Pred: MXVHXYX
2025-03-31 23:30:16,899 - lprnet - INFO -   True: 晋B002ZE, Pred: 
2025-03-31 23:30:40,464 - lprnet - INFO - Sample predictions (Epoch 0, Batch 900):
2025-03-31 23:30:40,464 - lprnet - INFO -   True: 吉39ZYPCS, Pred: 粤071717123学
2025-03-31 23:30:40,464 - lprnet - INFO -   True: 鄂DJZUEJ, Pred: 粤LJBT
2025-03-31 23:30:40,464 - lprnet - INFO -   True: 黑UZSQTR, Pred: 粤T
2025-03-31 23:31:01,583 - lprnet - INFO - Sample predictions (Epoch 0, Batch 200):
2025-03-31 23:31:01,584 - lprnet - INFO -   True: 辽15QETA学, Pred: D898086898609
2025-03-31 23:31:01,584 - lprnet - INFO -   True: 桂GAS0BD, Pred: YKYKAKA
2025-03-31 23:31:01,584 - lprnet - INFO -   True: 贵27XZ4D5, Pred: D68694
2025-03-31 23:31:25,460 - lprnet - INFO - Sample predictions (Epoch 0, Batch 1000):
2025-03-31 23:31:25,460 - lprnet - INFO -   True: 湘P5RYZF, Pred: 皖J
2025-03-31 23:31:25,460 - lprnet - INFO -   True: 甘M66963D, Pred: 粤J9179F
2025-03-31 23:31:25,460 - lprnet - INFO -   True: 浙V8QRXD, Pred: 粤J
2025-03-31 23:31:46,616 - lprnet - INFO - Sample predictions (Epoch 0, Batch 300):
2025-03-31 23:31:46,617 - lprnet - INFO -   True: 冀Q6JKCL, Pred: 
2025-03-31 23:31:46,617 - lprnet - INFO -   True: 鄂63420领, Pred: 808080945
2025-03-31 23:31:46,617 - lprnet - INFO -   True: 赣BFK6196, Pred: FD060694
2025-03-31 23:32:10,606 - lprnet - INFO - Sample predictions (Epoch 0, Batch 1100):
2025-03-31 23:32:10,607 - lprnet - INFO -   True: 贵J04595F, Pred: 甘N8FDF
2025-03-31 23:32:10,607 - lprnet - INFO -   True: 云M73AVU, Pred: 闽NH挂
2025-03-31 23:32:10,607 - lprnet - INFO -   True: 鲁V76394D, Pred: 粤N919087DFDF
2025-03-31 23:32:31,856 - lprnet - INFO - Sample predictions (Epoch 0, Batch 400):
2025-03-31 23:32:31,856 - lprnet - INFO -   True: 粤WDW1920, Pred: 陕KF17D
2025-03-31 23:32:31,856 - lprnet - INFO -   True: 川N63250F, Pred: 4217D
2025-03-31 23:32:31,856 - lprnet - INFO -   True: 冀CDP3278, Pred: 陕KFDFD8064
2025-03-31 23:32:56,010 - lprnet - INFO - Sample predictions (Epoch 0, Batch 1200):
2025-03-31 23:32:56,010 - lprnet - INFO -   True: 陕MHH5SW, Pred: 粤MHUJ
2025-03-31 23:32:56,011 - lprnet - INFO -   True: 渝YFJ2914, Pred: 粤HFJ017
2025-03-31 23:32:56,011 - lprnet - INFO -   True: 川VUMETV, Pred: 云JZTJ
2025-03-31 23:33:17,418 - lprnet - INFO - Sample predictions (Epoch 0, Batch 500):
2025-03-31 23:33:17,418 - lprnet - INFO -   True: 琼E15154D, Pred: 粤1领
2025-03-31 23:33:17,419 - lprnet - INFO -   True: 豫QAU0Z挂, Pred: 浙
2025-03-31 23:33:17,419 - lprnet - INFO -   True: 蒙Q02510F, Pred: 粤Y9717
2025-03-31 23:33:41,413 - lprnet - INFO - Sample predictions (Epoch 0, Batch 1300):
2025-03-31 23:33:41,413 - lprnet - INFO -   True: 豫S28208D, Pred: 冀U171FDF
2025-03-31 23:33:41,413 - lprnet - INFO -   True: 青ADE2408, Pred: 粤NFD1757
2025-03-31 23:33:41,413 - lprnet - INFO -   True: 渝P0SQ91, Pred: 甘TJB挂
2025-03-31 23:34:02,876 - lprnet - INFO - Sample predictions (Epoch 0, Batch 600):
2025-03-31 23:34:02,876 - lprnet - INFO -   True: 青A56688F, Pred: 粤X657121D
2025-03-31 23:34:02,876 - lprnet - INFO -   True: 冀FFK1622, Pred: 粤LF17
2025-03-31 23:34:02,877 - lprnet - INFO -   True: 川90Y6U1P, Pred: 粤D8464学
2025-03-31 23:34:26,661 - lprnet - INFO - Sample predictions (Epoch 0, Batch 1400):
2025-03-31 23:34:26,661 - lprnet - INFO -   True: 豫TFCBLW, Pred: 粤T1挂
2025-03-31 23:34:26,662 - lprnet - INFO -   True: 粤10Q78RF, Pred: 粤DF7F17F学
2025-03-31 23:34:26,662 - lprnet - INFO -   True: 京X5BB11, Pred: 辽T1挂
2025-03-31 23:34:48,164 - lprnet - INFO - Sample predictions (Epoch 0, Batch 700):
2025-03-31 23:34:48,165 - lprnet - INFO -   True: 粤918U5W5, Pred: 粤09W学
2025-03-31 23:34:48,165 - lprnet - INFO -   True: 宁TD36958, Pred: 豫UDF080
2025-03-31 23:34:48,165 - lprnet - INFO -   True: 京P3ZU2X, Pred: 粤
2025-03-31 23:35:12,139 - lprnet - INFO - Sample predictions (Epoch 0, Batch 1500):
2025-03-31 23:35:12,140 - lprnet - INFO -   True: 蒙A1SAEC, Pred: 粤8N1J
2025-03-31 23:35:12,140 - lprnet - INFO -   True: 吉OQVAJY, Pred: 川IMN挂
2025-03-31 23:35:12,140 - lprnet - INFO -   True: 渝BFA9971, Pred: 粤HFD051
2025-03-31 23:35:33,523 - lprnet - INFO - Sample predictions (Epoch 0, Batch 800):
2025-03-31 23:35:33,523 - lprnet - INFO -   True: 吉CL3W4学, Pred: 苏O
2025-03-31 23:35:33,524 - lprnet - INFO -   True: 藏38293领, Pred: 粤0使领
2025-03-31 23:35:33,524 - lprnet - INFO -   True: 838332使, Pred: 粤0使领
2025-03-31 23:35:57,616 - lprnet - INFO - Sample predictions (Epoch 0, Batch 1600):
2025-03-31 23:35:57,616 - lprnet - INFO -   True: 黑E49JMW, Pred: 粤Z175学
2025-03-31 23:35:57,617 - lprnet - INFO -   True: 苏KC7AV0, Pred: 鄂Z1L挂
2025-03-31 23:35:57,617 - lprnet - INFO -   True: 琼TFF8421, Pred: 川ZFD9
2025-03-31 23:36:19,098 - lprnet - INFO - Sample predictions (Epoch 0, Batch 900):
2025-03-31 23:36:19,098 - lprnet - INFO -   True: 吉39ZYPCS, Pred: 粤071717123学
2025-03-31 23:36:19,099 - lprnet - INFO -   True: 鄂DJZUEJ, Pred: 粤LJBT
2025-03-31 23:36:19,099 - lprnet - INFO -   True: 黑UZSQTR, Pred: 粤T
2025-03-31 23:36:43,316 - lprnet - INFO - Sample predictions (Epoch 0, Batch 1700):
2025-03-31 23:36:43,316 - lprnet - INFO -   True: 鲁WFP3911, Pred: 粤PF1897
2025-03-31 23:36:43,316 - lprnet - INFO -   True: 甘DDG4077, Pred: 黑HD389
2025-03-31 23:36:43,316 - lprnet - INFO -   True: 桂CF83648, Pred: 新PF3578
2025-03-31 23:37:04,509 - lprnet - INFO - Sample predictions (Epoch 0, Batch 1000):
2025-03-31 23:37:04,509 - lprnet - INFO -   True: 湘P5RYZF, Pred: 皖J
2025-03-31 23:37:04,509 - lprnet - INFO -   True: 甘M66963D, Pred: 粤J9179F
2025-03-31 23:37:04,510 - lprnet - INFO -   True: 浙V8QRXD, Pred: 粤J
2025-03-31 23:37:28,775 - lprnet - INFO - Sample predictions (Epoch 0, Batch 1800):
2025-03-31 23:37:28,775 - lprnet - INFO -   True: 苏RKE1JX, Pred: 粤01使
2025-03-31 23:37:28,775 - lprnet - INFO -   True: 云OYJ51N, Pred: 粤B51N
2025-03-31 23:37:28,775 - lprnet - INFO -   True: 蒙VFPP4R, Pred: 宁PB0挂
2025-03-31 23:37:50,173 - lprnet - INFO - Sample predictions (Epoch 0, Batch 1100):
2025-03-31 23:37:50,174 - lprnet - INFO -   True: 贵J04595F, Pred: 甘N8FDF
2025-03-31 23:37:50,174 - lprnet - INFO -   True: 云M73AVU, Pred: 闽NH挂
2025-03-31 23:37:50,174 - lprnet - INFO -   True: 鲁V76394D, Pred: 粤N919087DFDF
2025-03-31 23:38:14,984 - lprnet - INFO - Sample predictions (Epoch 0, Batch 1900):
2025-03-31 23:38:14,984 - lprnet - INFO -   True: 陕VCD3F5, Pred: 晋LGP学
2025-03-31 23:38:14,984 - lprnet - INFO -   True: 763634使, Pred: 粤84领
2025-03-31 23:38:14,984 - lprnet - INFO -   True: 豫NFD4373, Pred: 粤F87
2025-03-31 23:38:36,729 - lprnet - INFO - Sample predictions (Epoch 0, Batch 1200):
2025-03-31 23:38:36,729 - lprnet - INFO -   True: 陕MHH5SW, Pred: 粤MHUJ
2025-03-31 23:38:36,729 - lprnet - INFO -   True: 渝YFJ2914, Pred: 粤HFJ017
2025-03-31 23:38:36,730 - lprnet - INFO -   True: 川VUMETV, Pred: 云JZTJ
2025-03-31 23:39:00,979 - lprnet - INFO - Sample predictions (Epoch 0, Batch 2000):
2025-03-31 23:39:00,979 - lprnet - INFO -   True: 贵ADU6733, Pred: 粤SD61
2025-03-31 23:39:00,979 - lprnet - INFO -   True: 甘ZDJ0776, Pred: 粤TD81D
2025-03-31 23:39:00,979 - lprnet - INFO -   True: 陕PDS4030, Pred: 云YDFDF98615
2025-03-31 23:39:23,198 - lprnet - INFO - Sample predictions (Epoch 0, Batch 1300):
2025-03-31 23:39:23,198 - lprnet - INFO -   True: 豫S28208D, Pred: 冀U171FDF
2025-03-31 23:39:23,199 - lprnet - INFO -   True: 青ADE2408, Pred: 粤NFD1757
2025-03-31 23:39:23,199 - lprnet - INFO -   True: 渝P0SQ91, Pred: 甘TJB挂
